app/build/intermediates/manifest_merge_blame_file/release/processReleaseMainManifest/manifest-merger-blame-release-report.txt
1<?xml version="1.0" encoding="utf-8"?>
2<manifest xmlns:android="http://schemas.android.com/apk/res/android"
3    package="com.example.il_farm_to_city"
4    android:versionCode="1"
5    android:versionName="1.0" >
6
7    <uses-sdk
8        android:minSdkVersion="23"
9        android:targetSdkVersion="35" />
10
11    <uses-permission android:name="android.permission.INTERNET" />
11-->[com.google.firebase:firebase-auth:23.2.0] AndroidManifest.xml:25:5-67
11-->[com.google.firebase:firebase-auth:23.2.0] AndroidManifest.xml:25:22-64
12    <uses-permission android:name="android.permission.ACCESS_NETWORK_STATE" />
12-->[com.google.firebase:firebase-auth:23.2.0] AndroidManifest.xml:26:5-79
12-->[com.google.firebase:firebase-auth:23.2.0] AndroidManifest.xml:26:22-76
13    <uses-permission android:name="android.permission.WAKE_LOCK" />
13-->[com.google.android.gms:play-services-measurement-api:22.2.0] AndroidManifest.xml:24:5-68
13-->[com.google.android.gms:play-services-measurement-api:22.2.0] AndroidManifest.xml:24:22-65
14    <uses-permission android:name="com.google.android.gms.permission.AD_ID" />
14-->[com.google.android.gms:play-services-measurement-api:22.2.0] AndroidManifest.xml:25:5-79
14-->[com.google.android.gms:play-services-measurement-api:22.2.0] AndroidManifest.xml:25:22-76
15    <uses-permission android:name="android.permission.ACCESS_ADSERVICES_ATTRIBUTION" />
15-->[com.google.android.gms:play-services-measurement-api:22.2.0] AndroidManifest.xml:26:5-88
15-->[com.google.android.gms:play-services-measurement-api:22.2.0] AndroidManifest.xml:26:22-85
16    <uses-permission android:name="android.permission.ACCESS_ADSERVICES_AD_ID" />
16-->[com.google.android.gms:play-services-measurement-api:22.2.0] AndroidManifest.xml:27:5-82
16-->[com.google.android.gms:play-services-measurement-api:22.2.0] AndroidManifest.xml:27:22-79
17    <uses-permission android:name="com.google.android.finsky.permission.BIND_GET_INSTALL_REFERRER_SERVICE" />
17-->[com.google.android.gms:play-services-measurement:22.2.0] AndroidManifest.xml:26:5-110
17-->[com.google.android.gms:play-services-measurement:22.2.0] AndroidManifest.xml:26:22-107
18    <uses-permission android:name="com.google.android.providers.gsf.permission.READ_GSERVICES" />
18-->[com.google.android.recaptcha:recaptcha:18.6.1] AndroidManifest.xml:9:5-98
18-->[com.google.android.recaptcha:recaptcha:18.6.1] AndroidManifest.xml:9:22-95
19
20    <permission
20-->[androidx.core:core:1.13.0] AndroidManifest.xml:22:5-24:47
21        android:name="com.example.il_farm_to_city.DYNAMIC_RECEIVER_NOT_EXPORTED_PERMISSION"
21-->[androidx.core:core:1.13.0] AndroidManifest.xml:23:9-81
22        android:protectionLevel="signature" />
22-->[androidx.core:core:1.13.0] AndroidManifest.xml:24:9-44
23
24    <uses-permission android:name="com.example.il_farm_to_city.DYNAMIC_RECEIVER_NOT_EXPORTED_PERMISSION" />
24-->[androidx.core:core:1.13.0] AndroidManifest.xml:26:5-97
24-->[androidx.core:core:1.13.0] AndroidManifest.xml:26:22-94
25
26    <application
26-->src/main/AndroidManifest.xml:5:5-26:19
27        android:allowBackup="true"
27-->src/main/AndroidManifest.xml:6:9-35
28        android:appComponentFactory="androidx.core.app.CoreComponentFactory"
28-->[androidx.core:core:1.13.0] AndroidManifest.xml:28:18-86
29        android:dataExtractionRules="@xml/data_extraction_rules"
29-->src/main/AndroidManifest.xml:7:9-65
30        android:extractNativeLibs="false"
31        android:fullBackupContent="@xml/backup_rules"
31-->src/main/AndroidManifest.xml:8:9-54
32        android:icon="@mipmap/ic_launcher"
32-->src/main/AndroidManifest.xml:9:9-43
33        android:label="@string/app_name"
33-->src/main/AndroidManifest.xml:10:9-41
34        android:roundIcon="@mipmap/ic_launcher_round"
34-->src/main/AndroidManifest.xml:11:9-54
35        android:supportsRtl="true"
35-->src/main/AndroidManifest.xml:12:9-35
36        android:theme="@style/Theme.IL_Farm_to_CIty" >
36-->src/main/AndroidManifest.xml:13:9-53
37        <activity
37-->src/main/AndroidManifest.xml:15:9-25:20
38            android:name="com.example.il_farm_to_city.MainActivity"
38-->src/main/AndroidManifest.xml:16:13-41
39            android:exported="true"
39-->src/main/AndroidManifest.xml:17:13-36
40            android:label="@string/app_name"
40-->src/main/AndroidManifest.xml:18:13-45
41            android:theme="@style/Theme.IL_Farm_to_CIty" >
41-->src/main/AndroidManifest.xml:19:13-57
42            <intent-filter>
42-->src/main/AndroidManifest.xml:20:13-24:29
43                <action android:name="android.intent.action.MAIN" />
43-->src/main/AndroidManifest.xml:21:17-69
43-->src/main/AndroidManifest.xml:21:25-66
44
45                <category android:name="android.intent.category.LAUNCHER" />
45-->src/main/AndroidManifest.xml:23:17-77
45-->src/main/AndroidManifest.xml:23:27-74
46            </intent-filter>
47        </activity>
48
49        <service
49-->[com.google.firebase:firebase-auth-ktx:23.2.0] AndroidManifest.xml:8:9-14:19
50            android:name="com.google.firebase.components.ComponentDiscoveryService"
50-->[com.google.firebase:firebase-auth-ktx:23.2.0] AndroidManifest.xml:9:13-84
51            android:directBootAware="true"
51-->[com.google.firebase:firebase-common:21.0.0] AndroidManifest.xml:32:13-43
52            android:exported="false" >
52-->[com.google.firebase:firebase-auth-ktx:23.2.0] AndroidManifest.xml:10:13-37
53            <meta-data
53-->[com.google.firebase:firebase-auth-ktx:23.2.0] AndroidManifest.xml:11:13-13:85
54                android:name="com.google.firebase.components:com.google.firebase.auth.ktx.FirebaseAuthLegacyRegistrar"
54-->[com.google.firebase:firebase-auth-ktx:23.2.0] AndroidManifest.xml:12:17-119
55                android:value="com.google.firebase.components.ComponentRegistrar" />
55-->[com.google.firebase:firebase-auth-ktx:23.2.0] AndroidManifest.xml:13:17-82
56            <meta-data
56-->[com.google.firebase:firebase-auth:23.2.0] AndroidManifest.xml:69:13-71:85
57                android:name="com.google.firebase.components:com.google.firebase.auth.FirebaseAuthRegistrar"
57-->[com.google.firebase:firebase-auth:23.2.0] AndroidManifest.xml:70:17-109
58                android:value="com.google.firebase.components.ComponentRegistrar" />
58-->[com.google.firebase:firebase-auth:23.2.0] AndroidManifest.xml:71:17-82
59            <meta-data
59-->[com.google.firebase:firebase-database-ktx:21.0.0] AndroidManifest.xml:12:13-14:85
60                android:name="com.google.firebase.components:com.google.firebase.database.ktx.FirebaseDatabaseLegacyRegistrar"
60-->[com.google.firebase:firebase-database-ktx:21.0.0] AndroidManifest.xml:13:17-127
61                android:value="com.google.firebase.components.ComponentRegistrar" />
61-->[com.google.firebase:firebase-database-ktx:21.0.0] AndroidManifest.xml:14:17-82
62            <meta-data
62-->[com.google.firebase:firebase-database:21.0.0] AndroidManifest.xml:29:13-31:85
63                android:name="com.google.firebase.components:com.google.firebase.database.FirebaseDatabaseKtxRegistrar"
63-->[com.google.firebase:firebase-database:21.0.0] AndroidManifest.xml:30:17-120
64                android:value="com.google.firebase.components.ComponentRegistrar" />
64-->[com.google.firebase:firebase-database:21.0.0] AndroidManifest.xml:31:17-82
65            <meta-data
65-->[com.google.firebase:firebase-database:21.0.0] AndroidManifest.xml:32:13-34:85
66                android:name="com.google.firebase.components:com.google.firebase.database.DatabaseRegistrar"
66-->[com.google.firebase:firebase-database:21.0.0] AndroidManifest.xml:33:17-109
67                android:value="com.google.firebase.components.ComponentRegistrar" />
67-->[com.google.firebase:firebase-database:21.0.0] AndroidManifest.xml:34:17-82
68            <meta-data
68-->[com.google.android.gms:play-services-measurement-api:22.2.0] AndroidManifest.xml:33:13-35:85
69                android:name="com.google.firebase.components:com.google.firebase.analytics.connector.internal.AnalyticsConnectorRegistrar"
69-->[com.google.android.gms:play-services-measurement-api:22.2.0] AndroidManifest.xml:34:17-139
70                android:value="com.google.firebase.components.ComponentRegistrar" />
70-->[com.google.android.gms:play-services-measurement-api:22.2.0] AndroidManifest.xml:35:17-82
71            <meta-data
71-->[com.google.firebase:firebase-installations:18.0.0] AndroidManifest.xml:15:13-17:85
72                android:name="com.google.firebase.components:com.google.firebase.installations.FirebaseInstallationsKtxRegistrar"
72-->[com.google.firebase:firebase-installations:18.0.0] AndroidManifest.xml:16:17-130
73                android:value="com.google.firebase.components.ComponentRegistrar" />
73-->[com.google.firebase:firebase-installations:18.0.0] AndroidManifest.xml:17:17-82
74            <meta-data
74-->[com.google.firebase:firebase-installations:18.0.0] AndroidManifest.xml:18:13-20:85
75                android:name="com.google.firebase.components:com.google.firebase.installations.FirebaseInstallationsRegistrar"
75-->[com.google.firebase:firebase-installations:18.0.0] AndroidManifest.xml:19:17-127
76                android:value="com.google.firebase.components.ComponentRegistrar" />
76-->[com.google.firebase:firebase-installations:18.0.0] AndroidManifest.xml:20:17-82
77            <meta-data
77-->[com.google.firebase:firebase-common-ktx:21.0.0] AndroidManifest.xml:12:13-14:85
78                android:name="com.google.firebase.components:com.google.firebase.ktx.FirebaseCommonLegacyRegistrar"
78-->[com.google.firebase:firebase-common-ktx:21.0.0] AndroidManifest.xml:13:17-116
79                android:value="com.google.firebase.components.ComponentRegistrar" />
79-->[com.google.firebase:firebase-common-ktx:21.0.0] AndroidManifest.xml:14:17-82
80            <meta-data
80-->[com.google.firebase:firebase-common:21.0.0] AndroidManifest.xml:35:13-37:85
81                android:name="com.google.firebase.components:com.google.firebase.FirebaseCommonKtxRegistrar"
81-->[com.google.firebase:firebase-common:21.0.0] AndroidManifest.xml:36:17-109
82                android:value="com.google.firebase.components.ComponentRegistrar" />
82-->[com.google.firebase:firebase-common:21.0.0] AndroidManifest.xml:37:17-82
83        </service>
84
85        <activity
85-->[com.google.firebase:firebase-auth:23.2.0] AndroidManifest.xml:29:9-46:20
86            android:name="com.google.firebase.auth.internal.GenericIdpActivity"
86-->[com.google.firebase:firebase-auth:23.2.0] AndroidManifest.xml:30:13-80
87            android:excludeFromRecents="true"
87-->[com.google.firebase:firebase-auth:23.2.0] AndroidManifest.xml:31:13-46
88            android:exported="true"
88-->[com.google.firebase:firebase-auth:23.2.0] AndroidManifest.xml:32:13-36
89            android:launchMode="singleTask"
89-->[com.google.firebase:firebase-auth:23.2.0] AndroidManifest.xml:33:13-44
90            android:theme="@android:style/Theme.Translucent.NoTitleBar" >
90-->[com.google.firebase:firebase-auth:23.2.0] AndroidManifest.xml:34:13-72
91            <intent-filter>
91-->[com.google.firebase:firebase-auth:23.2.0] AndroidManifest.xml:35:13-45:29
92                <action android:name="android.intent.action.VIEW" />
92-->[com.google.firebase:firebase-auth:23.2.0] AndroidManifest.xml:36:17-69
92-->[com.google.firebase:firebase-auth:23.2.0] AndroidManifest.xml:36:25-66
93
94                <category android:name="android.intent.category.DEFAULT" />
94-->[com.google.firebase:firebase-auth:23.2.0] AndroidManifest.xml:38:17-76
94-->[com.google.firebase:firebase-auth:23.2.0] AndroidManifest.xml:38:27-73
95                <category android:name="android.intent.category.BROWSABLE" />
95-->[com.google.firebase:firebase-auth:23.2.0] AndroidManifest.xml:39:17-78
95-->[com.google.firebase:firebase-auth:23.2.0] AndroidManifest.xml:39:27-75
96
97                <data
97-->[com.google.firebase:firebase-auth:23.2.0] AndroidManifest.xml:41:17-44:51
98                    android:host="firebase.auth"
98-->[com.google.firebase:firebase-auth:23.2.0] AndroidManifest.xml:42:21-49
99                    android:path="/"
99-->[com.google.firebase:firebase-auth:23.2.0] AndroidManifest.xml:43:21-37
100                    android:scheme="genericidp" />
100-->[com.google.firebase:firebase-auth:23.2.0] AndroidManifest.xml:44:21-48
101            </intent-filter>
102        </activity>
103        <activity
103-->[com.google.firebase:firebase-auth:23.2.0] AndroidManifest.xml:47:9-64:20
104            android:name="com.google.firebase.auth.internal.RecaptchaActivity"
104-->[com.google.firebase:firebase-auth:23.2.0] AndroidManifest.xml:48:13-79
105            android:excludeFromRecents="true"
105-->[com.google.firebase:firebase-auth:23.2.0] AndroidManifest.xml:49:13-46
106            android:exported="true"
106-->[com.google.firebase:firebase-auth:23.2.0] AndroidManifest.xml:50:13-36
107            android:launchMode="singleTask"
107-->[com.google.firebase:firebase-auth:23.2.0] AndroidManifest.xml:51:13-44
108            android:theme="@android:style/Theme.Translucent.NoTitleBar" >
108-->[com.google.firebase:firebase-auth:23.2.0] AndroidManifest.xml:52:13-72
109            <intent-filter>
109-->[com.google.firebase:firebase-auth:23.2.0] AndroidManifest.xml:53:13-63:29
110                <action android:name="android.intent.action.VIEW" />
110-->[com.google.firebase:firebase-auth:23.2.0] AndroidManifest.xml:36:17-69
110-->[com.google.firebase:firebase-auth:23.2.0] AndroidManifest.xml:36:25-66
111
112                <category android:name="android.intent.category.DEFAULT" />
112-->[com.google.firebase:firebase-auth:23.2.0] AndroidManifest.xml:38:17-76
112-->[com.google.firebase:firebase-auth:23.2.0] AndroidManifest.xml:38:27-73
113                <category android:name="android.intent.category.BROWSABLE" />
113-->[com.google.firebase:firebase-auth:23.2.0] AndroidManifest.xml:39:17-78
113-->[com.google.firebase:firebase-auth:23.2.0] AndroidManifest.xml:39:27-75
114
115                <data
115-->[com.google.firebase:firebase-auth:23.2.0] AndroidManifest.xml:41:17-44:51
116                    android:host="firebase.auth"
116-->[com.google.firebase:firebase-auth:23.2.0] AndroidManifest.xml:42:21-49
117                    android:path="/"
117-->[com.google.firebase:firebase-auth:23.2.0] AndroidManifest.xml:43:21-37
118                    android:scheme="recaptcha" />
118-->[com.google.firebase:firebase-auth:23.2.0] AndroidManifest.xml:44:21-48
119            </intent-filter>
120        </activity>
121
122        <provider
122-->[com.google.firebase:firebase-common:21.0.0] AndroidManifest.xml:23:9-28:39
123            android:name="com.google.firebase.provider.FirebaseInitProvider"
123-->[com.google.firebase:firebase-common:21.0.0] AndroidManifest.xml:24:13-77
124            android:authorities="com.example.il_farm_to_city.firebaseinitprovider"
124-->[com.google.firebase:firebase-common:21.0.0] AndroidManifest.xml:25:13-72
125            android:directBootAware="true"
125-->[com.google.firebase:firebase-common:21.0.0] AndroidManifest.xml:26:13-43
126            android:exported="false"
126-->[com.google.firebase:firebase-common:21.0.0] AndroidManifest.xml:27:13-37
127            android:initOrder="100" />
127-->[com.google.firebase:firebase-common:21.0.0] AndroidManifest.xml:28:13-36
128
129        <receiver
129-->[com.google.android.gms:play-services-measurement:22.2.0] AndroidManifest.xml:29:9-33:20
130            android:name="com.google.android.gms.measurement.AppMeasurementReceiver"
130-->[com.google.android.gms:play-services-measurement:22.2.0] AndroidManifest.xml:30:13-85
131            android:enabled="true"
131-->[com.google.android.gms:play-services-measurement:22.2.0] AndroidManifest.xml:31:13-35
132            android:exported="false" >
132-->[com.google.android.gms:play-services-measurement:22.2.0] AndroidManifest.xml:32:13-37
133        </receiver>
134
135        <service
135-->[com.google.android.gms:play-services-measurement:22.2.0] AndroidManifest.xml:35:9-38:40
136            android:name="com.google.android.gms.measurement.AppMeasurementService"
136-->[com.google.android.gms:play-services-measurement:22.2.0] AndroidManifest.xml:36:13-84
137            android:enabled="true"
137-->[com.google.android.gms:play-services-measurement:22.2.0] AndroidManifest.xml:37:13-35
138            android:exported="false" />
138-->[com.google.android.gms:play-services-measurement:22.2.0] AndroidManifest.xml:38:13-37
139        <service
139-->[com.google.android.gms:play-services-measurement:22.2.0] AndroidManifest.xml:39:9-43:72
140            android:name="com.google.android.gms.measurement.AppMeasurementJobService"
140-->[com.google.android.gms:play-services-measurement:22.2.0] AndroidManifest.xml:40:13-87
141            android:enabled="true"
141-->[com.google.android.gms:play-services-measurement:22.2.0] AndroidManifest.xml:41:13-35
142            android:exported="false"
142-->[com.google.android.gms:play-services-measurement:22.2.0] AndroidManifest.xml:42:13-37
143            android:permission="android.permission.BIND_JOB_SERVICE" />
143-->[com.google.android.gms:play-services-measurement:22.2.0] AndroidManifest.xml:43:13-69
144        <service
144-->[androidx.credentials:credentials-play-services-auth:1.2.0-rc01] AndroidManifest.xml:24:9-32:19
145            android:name="androidx.credentials.playservices.CredentialProviderMetadataHolder"
145-->[androidx.credentials:credentials-play-services-auth:1.2.0-rc01] AndroidManifest.xml:25:13-94
146            android:enabled="true"
146-->[androidx.credentials:credentials-play-services-auth:1.2.0-rc01] AndroidManifest.xml:26:13-35
147            android:exported="false" >
147-->[androidx.credentials:credentials-play-services-auth:1.2.0-rc01] AndroidManifest.xml:27:13-37
148            <meta-data
148-->[androidx.credentials:credentials-play-services-auth:1.2.0-rc01] AndroidManifest.xml:29:13-31:104
149                android:name="androidx.credentials.CREDENTIAL_PROVIDER_KEY"
149-->[androidx.credentials:credentials-play-services-auth:1.2.0-rc01] AndroidManifest.xml:30:17-76
150                android:value="androidx.credentials.playservices.CredentialProviderPlayServicesImpl" />
150-->[androidx.credentials:credentials-play-services-auth:1.2.0-rc01] AndroidManifest.xml:31:17-101
151        </service>
152
153        <activity
153-->[androidx.credentials:credentials-play-services-auth:1.2.0-rc01] AndroidManifest.xml:34:9-41:20
154            android:name="androidx.credentials.playservices.HiddenActivity"
154-->[androidx.credentials:credentials-play-services-auth:1.2.0-rc01] AndroidManifest.xml:35:13-76
155            android:configChanges="orientation|screenSize|screenLayout|keyboardHidden"
155-->[androidx.credentials:credentials-play-services-auth:1.2.0-rc01] AndroidManifest.xml:36:13-87
156            android:enabled="true"
156-->[androidx.credentials:credentials-play-services-auth:1.2.0-rc01] AndroidManifest.xml:37:13-35
157            android:exported="false"
157-->[androidx.credentials:credentials-play-services-auth:1.2.0-rc01] AndroidManifest.xml:38:13-37
158            android:fitsSystemWindows="true"
158-->[androidx.credentials:credentials-play-services-auth:1.2.0-rc01] AndroidManifest.xml:39:13-45
159            android:theme="@style/Theme.Hidden" >
159-->[androidx.credentials:credentials-play-services-auth:1.2.0-rc01] AndroidManifest.xml:40:13-48
160        </activity>
161        <activity
161-->[com.google.android.gms:play-services-auth:20.7.0] AndroidManifest.xml:23:9-27:75
162            android:name="com.google.android.gms.auth.api.signin.internal.SignInHubActivity"
162-->[com.google.android.gms:play-services-auth:20.7.0] AndroidManifest.xml:24:13-93
163            android:excludeFromRecents="true"
163-->[com.google.android.gms:play-services-auth:20.7.0] AndroidManifest.xml:25:13-46
164            android:exported="false"
164-->[com.google.android.gms:play-services-auth:20.7.0] AndroidManifest.xml:26:13-37
165            android:theme="@android:style/Theme.Translucent.NoTitleBar" />
165-->[com.google.android.gms:play-services-auth:20.7.0] AndroidManifest.xml:27:13-72
166        <!--
167            Service handling Google Sign-In user revocation. For apps that do not integrate with
168            Google Sign-In, this service will never be started.
169        -->
170        <service
170-->[com.google.android.gms:play-services-auth:20.7.0] AndroidManifest.xml:33:9-37:51
171            android:name="com.google.android.gms.auth.api.signin.RevocationBoundService"
171-->[com.google.android.gms:play-services-auth:20.7.0] AndroidManifest.xml:34:13-89
172            android:exported="true"
172-->[com.google.android.gms:play-services-auth:20.7.0] AndroidManifest.xml:35:13-36
173            android:permission="com.google.android.gms.auth.api.signin.permission.REVOCATION_NOTIFICATION"
173-->[com.google.android.gms:play-services-auth:20.7.0] AndroidManifest.xml:36:13-107
174            android:visibleToInstantApps="true" />
174-->[com.google.android.gms:play-services-auth:20.7.0] AndroidManifest.xml:37:13-48
175
176        <uses-library
176-->[androidx.privacysandbox.ads:ads-adservices:1.0.0-beta05] AndroidManifest.xml:23:9-25:40
177            android:name="android.ext.adservices"
177-->[androidx.privacysandbox.ads:ads-adservices:1.0.0-beta05] AndroidManifest.xml:24:13-50
178            android:required="false" />
178-->[androidx.privacysandbox.ads:ads-adservices:1.0.0-beta05] AndroidManifest.xml:25:13-37
179
180        <provider
180-->[androidx.emoji2:emoji2:1.3.0] AndroidManifest.xml:24:9-32:20
181            android:name="androidx.startup.InitializationProvider"
181-->[androidx.emoji2:emoji2:1.3.0] AndroidManifest.xml:25:13-67
182            android:authorities="com.example.il_farm_to_city.androidx-startup"
182-->[androidx.emoji2:emoji2:1.3.0] AndroidManifest.xml:26:13-68
183            android:exported="false" >
183-->[androidx.emoji2:emoji2:1.3.0] AndroidManifest.xml:27:13-37
184            <meta-data
184-->[androidx.emoji2:emoji2:1.3.0] AndroidManifest.xml:29:13-31:52
185                android:name="androidx.emoji2.text.EmojiCompatInitializer"
185-->[androidx.emoji2:emoji2:1.3.0] AndroidManifest.xml:30:17-75
186                android:value="androidx.startup" />
186-->[androidx.emoji2:emoji2:1.3.0] AndroidManifest.xml:31:17-49
187            <meta-data
187-->[androidx.lifecycle:lifecycle-process:2.6.2] AndroidManifest.xml:29:13-31:52
188                android:name="androidx.lifecycle.ProcessLifecycleInitializer"
188-->[androidx.lifecycle:lifecycle-process:2.6.2] AndroidManifest.xml:30:17-78
189                android:value="androidx.startup" />
189-->[androidx.lifecycle:lifecycle-process:2.6.2] AndroidManifest.xml:31:17-49
190            <meta-data
190-->[androidx.profileinstaller:profileinstaller:1.4.0] AndroidManifest.xml:29:13-31:52
191                android:name="androidx.profileinstaller.ProfileInstallerInitializer"
191-->[androidx.profileinstaller:profileinstaller:1.4.0] AndroidManifest.xml:30:17-85
192                android:value="androidx.startup" />
192-->[androidx.profileinstaller:profileinstaller:1.4.0] AndroidManifest.xml:31:17-49
193        </provider>
194
195        <activity
195-->[com.google.android.gms:play-services-base:18.5.0] AndroidManifest.xml:5:9-173
196            android:name="com.google.android.gms.common.api.GoogleApiActivity"
196-->[com.google.android.gms:play-services-base:18.5.0] AndroidManifest.xml:5:19-85
197            android:exported="false"
197-->[com.google.android.gms:play-services-base:18.5.0] AndroidManifest.xml:5:146-170
198            android:theme="@android:style/Theme.Translucent.NoTitleBar" />
198-->[com.google.android.gms:play-services-base:18.5.0] AndroidManifest.xml:5:86-145
199
200        <meta-data
200-->[com.google.android.gms:play-services-basement:18.5.0] AndroidManifest.xml:21:9-23:69
201            android:name="com.google.android.gms.version"
201-->[com.google.android.gms:play-services-basement:18.5.0] AndroidManifest.xml:22:13-58
202            android:value="@integer/google_play_services_version" />
202-->[com.google.android.gms:play-services-basement:18.5.0] AndroidManifest.xml:23:13-66
203
204        <receiver
204-->[androidx.profileinstaller:profileinstaller:1.4.0] AndroidManifest.xml:34:9-52:20
205            android:name="androidx.profileinstaller.ProfileInstallReceiver"
205-->[androidx.profileinstaller:profileinstaller:1.4.0] AndroidManifest.xml:35:13-76
206            android:directBootAware="false"
206-->[androidx.profileinstaller:profileinstaller:1.4.0] AndroidManifest.xml:36:13-44
207            android:enabled="true"
207-->[androidx.profileinstaller:profileinstaller:1.4.0] AndroidManifest.xml:37:13-35
208            android:exported="true"
208-->[androidx.profileinstaller:profileinstaller:1.4.0] AndroidManifest.xml:38:13-36
209            android:permission="android.permission.DUMP" >
209-->[androidx.profileinstaller:profileinstaller:1.4.0] AndroidManifest.xml:39:13-57
210            <intent-filter>
210-->[androidx.profileinstaller:profileinstaller:1.4.0] AndroidManifest.xml:40:13-42:29
211                <action android:name="androidx.profileinstaller.action.INSTALL_PROFILE" />
211-->[androidx.profileinstaller:profileinstaller:1.4.0] AndroidManifest.xml:41:17-91
211-->[androidx.profileinstaller:profileinstaller:1.4.0] AndroidManifest.xml:41:25-88
212            </intent-filter>
213            <intent-filter>
213-->[androidx.profileinstaller:profileinstaller:1.4.0] AndroidManifest.xml:43:13-45:29
214                <action android:name="androidx.profileinstaller.action.SKIP_FILE" />
214-->[androidx.profileinstaller:profileinstaller:1.4.0] AndroidManifest.xml:44:17-85
214-->[androidx.profileinstaller:profileinstaller:1.4.0] AndroidManifest.xml:44:25-82
215            </intent-filter>
216            <intent-filter>
216-->[androidx.profileinstaller:profileinstaller:1.4.0] AndroidManifest.xml:46:13-48:29
217                <action android:name="androidx.profileinstaller.action.SAVE_PROFILE" />
217-->[androidx.profileinstaller:profileinstaller:1.4.0] AndroidManifest.xml:47:17-88
217-->[androidx.profileinstaller:profileinstaller:1.4.0] AndroidManifest.xml:47:25-85
218            </intent-filter>
219            <intent-filter>
219-->[androidx.profileinstaller:profileinstaller:1.4.0] AndroidManifest.xml:49:13-51:29
220                <action android:name="androidx.profileinstaller.action.BENCHMARK_OPERATION" />
220-->[androidx.profileinstaller:profileinstaller:1.4.0] AndroidManifest.xml:50:17-95
220-->[androidx.profileinstaller:profileinstaller:1.4.0] AndroidManifest.xml:50:25-92
221            </intent-filter>
222        </receiver> <!-- The activities will be merged into the manifest of the hosting app. -->
223        <activity
223-->[com.google.android.play:core-common:2.0.3] AndroidManifest.xml:14:9-18:65
224            android:name="com.google.android.play.core.common.PlayCoreDialogWrapperActivity"
224-->[com.google.android.play:core-common:2.0.3] AndroidManifest.xml:15:13-93
225            android:exported="false"
225-->[com.google.android.play:core-common:2.0.3] AndroidManifest.xml:16:13-37
226            android:stateNotNeeded="true"
226-->[com.google.android.play:core-common:2.0.3] AndroidManifest.xml:17:13-42
227            android:theme="@style/Theme.PlayCore.Transparent" />
227-->[com.google.android.play:core-common:2.0.3] AndroidManifest.xml:18:13-62
228    </application>
229
230</manifest>